<?xml version="1.0" encoding="UTF-8"?>
<!-- Generated by org.testng.reporters.JUnitReportReporter -->
<testsuite skipped="0" hostname="DESKTOP-SVPQIOF" name="com.testrunner.TestRunner" tests="1" failures="0" timestamp="29 Aug 2020 04:18:40 GMT" time="18.935" errors="0">
  <testcase name="feature" time="18.935" classname="com.testrunner.TestRunner"/>
</testsuite> <!-- com.testrunner.TestRunner -->
